[23:15:54] [main/INFO]: ModLauncher running: args [--username, nitro_dynamite18, --version, forge-36.0.44, --gameDir, C:\Users\nitro\Minecraft Modpacks\Instances\NitroCraft, --assetsDir, C:\Users\nitro\Minecraft Modpacks\Install\assets, --assetIndex, 1.16, --uuid, 76d4ef1ac4364c508a2b95bdeb72b623, --accessToken, ????????, --userType, mojang, --versionType, release, --width, 1440, --height, 900, --launchTarget, fmlclient, --fml.forgeVersion, 36.0.44, --fml.mcVersion, 1.16.5, --fml.forgeGroup, net.minecraftforge, --fml.mcpVersion, 20210115.111550]
[23:15:54] [main/INFO]: ModLauncher 8.0.9+86+master.3cf110c starting: java version 1.8.0_51 by Oracle Corporation
[23:15:54] [main/WARN]: LEGACY JDK DETECTED, SECURED JAR HANDLING DISABLED
[23:15:54] [main/ERROR]: It looks like you do not put real OptiFine to the mods folder. Scan libraries folder to find OptiFine later.
java.lang.ClassNotFoundException: optifine.OptiFineTransformationService
	at java.net.URLClassLoader.findClass(URLClassLoader.java:381) ~[?:1.8.0_51]
	at java.lang.ClassLoader.loadClass(ClassLoader.java:424) ~[?:1.8.0_51]
	at java.lang.ClassLoader.loadClass(ClassLoader.java:357) ~[?:1.8.0_51]
	at java.lang.Class.forName0(Native Method) ~[?:1.8.0_51]
	at java.lang.Class.forName(Class.java:264) ~[?:1.8.0_51]
	at io.github.zekerzhayard.optiforge.asm.fml.FakeOptiFineTransformationService.<init>(FakeOptiFineTransformationService.java:34) [OptiForge-MC1.16.5-0.5.3.jar:0.5.3]
	at sun.reflect.NativeConstructorAccessorImpl.newInstance0(Native Method) ~[?:1.8.0_51]
	at sun.reflect.NativeConstructorAccessorImpl.newInstance(NativeConstructorAccessorImpl.java:62) [?:1.8.0_51]
	at sun.reflect.DelegatingConstructorAccessorImpl.newInstance(DelegatingConstructorAccessorImpl.java:45) [?:1.8.0_51]
	at java.lang.reflect.Constructor.newInstance(Constructor.java:422) [?:1.8.0_51]
	at java.lang.Class.newInstance(Class.java:442) [?:1.8.0_51]
	at java.util.ServiceLoader$LazyIterator.nextService(ServiceLoader.java:380) [?:1.8.0_51]
	at java.util.ServiceLoader$LazyIterator.next(ServiceLoader.java:404) [?:1.8.0_51]
	at java.util.ServiceLoader$1.next(ServiceLoader.java:480) [?:1.8.0_51]
	at cpw.mods.modlauncher.ServiceLoaderStreamUtils.errorHandlingServiceLoader(ServiceLoaderStreamUtils.java:67) [modlauncher-8.0.9.jar:?]
	at cpw.mods.modlauncher.TransformationServicesHandler.discoverServices(TransformationServicesHandler.java:141) [modlauncher-8.0.9.jar:?]
	at cpw.mods.modlauncher.Launcher.run(Launcher.java:75) [modlauncher-8.0.9.jar:?]
	at cpw.mods.modlauncher.Launcher.main(Launcher.java:66) [modlauncher-8.0.9.jar:?]
[23:15:55] [main/INFO]: Added Lets Encrypt root certificates as additional trust
[23:15:55] [main/INFO]: SpongePowered MIXIN Subsystem Version=0.8.2 Source=file:/C:/Users/nitro/Minecraft%20Modpacks/Install/libraries/org/spongepowered/mixin/0.8.2/mixin-0.8.2.jar Service=ModLauncher Env=CLIENT
[23:15:55] [main/ERROR]: It looks like you have not put OptiFine itself into the mods folder, you can download it from https://optifine.net/downloads.
The game will continue, and run without OptiFine and OptiForge.

java.lang.ClassNotFoundException: optifine.Installer
	at java.net.URLClassLoader.findClass(URLClassLoader.java:381)
	at java.lang.ClassLoader.loadClass(ClassLoader.java:424)
	at java.lang.ClassLoader.loadClass(ClassLoader.java:357)
	at java.lang.Class.forName0(Native Method)
	at java.lang.Class.forName(Class.java:264)
	at io.github.zekerzhayard.optiforge.asm.fml.VersionChecker.checkOptiFineVersion(VersionChecker.java:60)
	at io.github.zekerzhayard.optiforge.asm.fml.OptiForgeWrapperTransformationService.initialize(OptiForgeWrapperTransformationService.java:87)
	at cpw.mods.modlauncher.TransformationServiceDecorator.onInitialize(TransformationServiceDecorator.java:68)
	at cpw.mods.modlauncher.TransformationServicesHandler.lambda$initialiseTransformationServices$7(TransformationServicesHandler.java:107)
	at cpw.mods.modlauncher.TransformationServicesHandler$$Lambda$91/1016550616.accept(Unknown Source)
	at java.util.HashMap$Values.forEach(HashMap.java:972)
	at cpw.mods.modlauncher.TransformationServicesHandler.initialiseTransformationServices(TransformationServicesHandler.java:107)
	at cpw.mods.modlauncher.TransformationServicesHandler.initializeTransformationServices(TransformationServicesHandler.java:59)
	at cpw.mods.modlauncher.Launcher.run(Launcher.java:76)
	at cpw.mods.modlauncher.Launcher.main(Launcher.java:66)

